<?xml version="1.0" encoding="UTF-8"?>
<testsuites name="jest tests" tests="9" failures="0" errors="0" time="3.747">
  <testsuite name="Validação estrita em atualizações (PUT) rejeita campos extras" errors="0" failures="0" skipped="0" timestamp="2025-12-18T14:49:57" time="1.761" tests="2">
    <testcase classname="Validação estrita em atualizações (PUT) rejeita campos extras PUT /foods/:id rejeita campos extras" name="Validação estrita em atualizações (PUT) rejeita campos extras PUT /foods/:id rejeita campos extras" time="0.242">
    </testcase>
    <testcase classname="Validação estrita em atualizações (PUT) rejeita campos extras PUT /meals/:id rejeita campos extras" name="Validação estrita em atualizações (PUT) rejeita campos extras PUT /meals/:id rejeita campos extras" time="0.18">
    </testcase>
  </testsuite>
  <testsuite name="Validação estrita rejeita campos extras" errors="0" failures="0" skipped="0" timestamp="2025-12-18T14:49:59" time="0.59" tests="3">
    <testcase classname="Validação estrita rejeita campos extras POST /users/register rejeita campos extras" name="Validação estrita rejeita campos extras POST /users/register rejeita campos extras" time="0.013">
    </testcase>
    <testcase classname="Validação estrita rejeita campos extras POST /foods rejeita campos extras" name="Validação estrita rejeita campos extras POST /foods rejeita campos extras" time="0.178">
    </testcase>
    <testcase classname="Validação estrita rejeita campos extras POST /meals rejeita campos extras" name="Validação estrita rejeita campos extras POST /meals rejeita campos extras" time="0.174">
    </testcase>
  </testsuite>
  <testsuite name="Endpoints de Usuário (unitários)" errors="0" failures="0" skipped="0" timestamp="2025-12-18T14:49:59" time="0.49" tests="2">
    <testcase classname="Endpoints de Usuário (unitários) deve registrar um usuário" name="Endpoints de Usuário (unitários) deve registrar um usuário" time="0.099">
    </testcase>
    <testcase classname="Endpoints de Usuário (unitários) deve autenticar um usuário" name="Endpoints de Usuário (unitários) deve autenticar um usuário" time="0.165">
    </testcase>
  </testsuite>
  <testsuite name="Endpoints de Refeição (unitários)" errors="0" failures="0" skipped="0" timestamp="2025-12-18T14:50:00" time="0.404" tests="1">
    <testcase classname="Endpoints de Refeição (unitários) deve criar uma refeição" name="Endpoints de Refeição (unitários) deve criar uma refeição" time="0.005">
    </testcase>
  </testsuite>
  <testsuite name="Endpoints de Alimentos (unitários)" errors="0" failures="0" skipped="0" timestamp="2025-12-18T14:50:00" time="0.394" tests="1">
    <testcase classname="Endpoints de Alimentos (unitários) deve criar um alimento" name="Endpoints de Alimentos (unitários) deve criar um alimento" time="0.005">
    </testcase>
  </testsuite>
</testsuites>