{
  "stats": {
    "suites": 10,
    "tests": 22,
    "passes": 22,
    "pending": 0,
    "failures": 0,
    "start": "2025-12-17T19:53:32.060Z",
    "end": "2025-12-17T19:53:35.637Z",
    "duration": 3577,
    "testsRegistered": 22,
    "passPercent": 100,
    "pendingPercent": 0,
    "other": 0,
    "hasOther": false,
    "skipped": 0,
    "hasSkipped": false
  },
  "results": [
    {
      "uuid": "b4854bc6-0283-4e23-800d-6e6439171905",
      "title": "",
      "fullFile": "",
      "file": "",
      "beforeHooks": [],
      "afterHooks": [],
      "tests": [],
      "suites": [
        {
          "uuid": "f4c8edb7-83c9-4c84-b415-692406c7b849",
          "title": "Casos funcionais negativos extras (pt-BR)",
          "fullFile": "/Users/dennysmatos/Projects/julio-de-lima/mts20t1-ppp-nutrify-api/test/functional/extra-negative.spec.js",
          "file": "/test/functional/extra-negative.spec.js",
          "beforeHooks": [
            {
              "title": "\"before each\" hook in \"Casos funcionais negativos extras (pt-BR)\"",
              "fullTitle": "Casos funcionais negativos extras (pt-BR) \"before each\" hook in \"Casos funcionais negativos extras (pt-BR)\"",
              "timedOut": false,
              "duration": 1,
              "state": null,
              "speed": null,
              "pass": false,
              "fail": false,
              "pending": false,
              "context": null,
              "code": "reset()",
              "err": {},
              "uuid": "6176d228-3d0f-4db9-977a-7427efd1908a",
              "parentUUID": "f4c8edb7-83c9-4c84-b415-692406c7b849",
              "isHook": true,
              "skipped": false
            }
          ],
          "afterHooks": [],
          "tests": [
            {
              "title": "retorna 400 ao enviar nome como número no registro",
              "fullTitle": "Casos funcionais negativos extras (pt-BR) retorna 400 ao enviar nome como número no registro",
              "timedOut": false,
              "duration": 43,
              "state": "passed",
              "speed": "medium",
              "pass": true,
              "fail": false,
              "pending": false,
              "context": null,
              "code": "const res = await request(app).post('/users/register').send({ name: 123, email: 'a@b.com', password: '123456' });\nexpect(res.status).to.equal(400);",
              "err": {},
              "uuid": "9ed15843-91b2-4b30-8796-14b3b84bedba",
              "parentUUID": "f4c8edb7-83c9-4c84-b415-692406c7b849",
              "isHook": false,
              "skipped": false
            },
            {
              "title": "retorna 400 ao criar alimento com calories nulo",
              "fullTitle": "Casos funcionais negativos extras (pt-BR) retorna 400 ao criar alimento com calories nulo",
              "timedOut": false,
              "duration": 242,
              "state": "passed",
              "speed": "slow",
              "pass": true,
              "fail": false,
              "pending": false,
              "context": null,
              "code": "await request(app).post('/users/register').send({ name: 'A', email: 'a2@b.com', password: '123456' });\nconst login = await request(app).post('/users/login').send({ email: 'a2@b.com', password: '123456' });\nconst token = login.body.token;\nconst res = await request(app).post('/foods').set('Authorization', `Bearer ${token}`).send({ name: 'X', calories: null });\nexpect(res.status).to.equal(400);",
              "err": {},
              "uuid": "3c3cd453-fb7b-455e-a179-25b47125a2a1",
              "parentUUID": "f4c8edb7-83c9-4c84-b415-692406c7b849",
              "isHook": false,
              "skipped": false
            },
            {
              "title": "retorna 400 ao criar refeição com array vazio de foods",
              "fullTitle": "Casos funcionais negativos extras (pt-BR) retorna 400 ao criar refeição com array vazio de foods",
              "timedOut": false,
              "duration": 232,
              "state": "passed",
              "speed": "slow",
              "pass": true,
              "fail": false,
              "pending": false,
              "context": null,
              "code": "await request(app).post('/users/register').send({ name: 'B', email: 'b@b.com', password: '123456' });\nconst login = await request(app).post('/users/login').send({ email: 'b@b.com', password: '123456' });\nconst token = login.body.token;\n  const res = await request(app).post('/meals').set('Authorization', `Bearer ${token}`).send({ foods: [] });\nexpect(res.status).to.equal(400);",
              "err": {},
              "uuid": "971bf8dd-36fc-46f3-b743-7174d88e1be5",
              "parentUUID": "f4c8edb7-83c9-4c84-b415-692406c7b849",
              "isHook": false,
              "skipped": false
            },
            {
              "title": "retorna 401 ao acessar rota protegida com token inválido",
              "fullTitle": "Casos funcionais negativos extras (pt-BR) retorna 401 ao acessar rota protegida com token inválido",
              "timedOut": false,
              "duration": 10,
              "state": "passed",
              "speed": "fast",
              "pass": true,
              "fail": false,
              "pending": false,
              "context": null,
              "code": "const res = await request(app).post('/foods').set('Authorization', 'Bearer invalid.token').send({ name: 'Z', calories: 10 });\nexpect(res.status).to.equal(401);",
              "err": {},
              "uuid": "93ac3b5d-8bac-46da-a6b5-a13adc843bae",
              "parentUUID": "f4c8edb7-83c9-4c84-b415-692406c7b849",
              "isHook": false,
              "skipped": false
            },
            {
              "title": "retorna 400 ao atualizar alimento com campo extra inesperado",
              "fullTitle": "Casos funcionais negativos extras (pt-BR) retorna 400 ao atualizar alimento com campo extra inesperado",
              "timedOut": false,
              "duration": 204,
              "state": "passed",
              "speed": "slow",
              "pass": true,
              "fail": false,
              "pending": false,
              "context": null,
              "code": "await request(app).post('/users/register').send({ name: 'C', email: 'c@c.com', password: '123456' });\nconst login = await request(app).post('/users/login').send({ email: 'c@c.com', password: '123456' });\nconst token = login.body.token;\nconst f = await request(app).post('/foods').set('Authorization', `Bearer ${token}`).send({ name: 'Y', calories: 20 });\nconst id = f.body.id;\nconst res = await request(app).put(`/foods/${id}`).set('Authorization', `Bearer ${token}`).send({ name: 'Y', calories: 22, unexpected: true });\nexpect(res.status).to.equal(400);",
              "err": {},
              "uuid": "6816b194-b61c-4f0a-85f2-d65e892ac4fb",
              "parentUUID": "f4c8edb7-83c9-4c84-b415-692406c7b849",
              "isHook": false,
              "skipped": false
            }
          ],
          "suites": [],
          "passes": [
            "9ed15843-91b2-4b30-8796-14b3b84bedba",
            "3c3cd453-fb7b-455e-a179-25b47125a2a1",
            "971bf8dd-36fc-46f3-b743-7174d88e1be5",
            "93ac3b5d-8bac-46da-a6b5-a13adc843bae",
            "6816b194-b61c-4f0a-85f2-d65e892ac4fb"
          ],
          "failures": [],
          "pending": [],
          "skipped": [],
          "duration": 731,
          "root": false,
          "rootEmpty": false,
          "_timeout": 5000
        },
        {
          "uuid": "e923e46a-666e-475e-82c0-067c0f3f3aac",
          "title": "Endpoints de Alimentos (funcional)",
          "fullFile": "/Users/dennysmatos/Projects/julio-de-lima/mts20t1-ppp-nutrify-api/test/functional/food.spec.js",
          "file": "/test/functional/food.spec.js",
          "beforeHooks": [
            {
              "title": "\"before each\" hook in \"Endpoints de Alimentos (funcional)\"",
              "fullTitle": "Endpoints de Alimentos (funcional) \"before each\" hook in \"Endpoints de Alimentos (funcional)\"",
              "timedOut": false,
              "duration": 2,
              "state": null,
              "speed": null,
              "pass": false,
              "fail": false,
              "pending": false,
              "context": null,
              "code": "reset()",
              "err": {},
              "uuid": "6c55246f-e35d-46a2-9a59-70bc804a9ce8",
              "parentUUID": "e923e46a-666e-475e-82c0-067c0f3f3aac",
              "isHook": true,
              "skipped": false
            }
          ],
          "afterHooks": [],
          "tests": [
            {
              "title": "deve criar um alimento",
              "fullTitle": "Endpoints de Alimentos (funcional) deve criar um alimento",
              "timedOut": false,
              "duration": 240,
              "state": "passed",
              "speed": "slow",
              "pass": true,
              "fail": false,
              "pending": false,
              "context": null,
              "code": "await request(app).post('/users/register').send({ name: 'Food', email: 'f@example.com', password: '123456' });\nconst login = await request(app).post('/users/login').send({ email: 'f@example.com', password: '123456' });\nconst token = login.body.token;\nconst res = await request(app)\n  .post('/foods')\n  .set('Authorization', `Bearer ${token}`)\n  .send({ name: 'Banana', category: 'Fruta', calories: 89 });\nexpect(res.status).to.equal(201);\nexpect(res.body).to.have.property('id');\nexpect(res.body).to.have.property('createdAt');\nexpect(res.body).to.have.property('updatedAt');",
              "err": {},
              "uuid": "f17f651b-f049-459b-8db5-85d8d0001ebf",
              "parentUUID": "e923e46a-666e-475e-82c0-067c0f3f3aac",
              "isHook": false,
              "skipped": false
            }
          ],
          "suites": [],
          "passes": [
            "f17f651b-f049-459b-8db5-85d8d0001ebf"
          ],
          "failures": [],
          "pending": [],
          "skipped": [],
          "duration": 240,
          "root": false,
          "rootEmpty": false,
          "_timeout": 5000
        },
        {
          "uuid": "af44fcbe-7094-4c4f-9f69-f7a692366fc8",
          "title": "Endpoints de Refeição (funcional)",
          "fullFile": "/Users/dennysmatos/Projects/julio-de-lima/mts20t1-ppp-nutrify-api/test/functional/meal.spec.js",
          "file": "/test/functional/meal.spec.js",
          "beforeHooks": [
            {
              "title": "\"before each\" hook in \"Endpoints de Refeição (funcional)\"",
              "fullTitle": "Endpoints de Refeição (funcional) \"before each\" hook in \"Endpoints de Refeição (funcional)\"",
              "timedOut": false,
              "duration": 1,
              "state": null,
              "speed": null,
              "pass": false,
              "fail": false,
              "pending": false,
              "context": null,
              "code": "reset()",
              "err": {},
              "uuid": "319a995a-6a42-45fd-94a0-fb7924748c5f",
              "parentUUID": "af44fcbe-7094-4c4f-9f69-f7a692366fc8",
              "isHook": true,
              "skipped": false
            }
          ],
          "afterHooks": [],
          "tests": [
            {
              "title": "deve criar uma refeição e computar totais",
              "fullTitle": "Endpoints de Refeição (funcional) deve criar uma refeição e computar totais",
              "timedOut": false,
              "duration": 227,
              "state": "passed",
              "speed": "slow",
              "pass": true,
              "fail": false,
              "pending": false,
              "context": null,
              "code": "await request(app).post('/users/register').send({ name: 'M', email: 'm@example.com', password: '123456' });\nconst login = await request(app).post('/users/login').send({ email: 'm@example.com', password: '123456' });\nconst token = login.body.token;\nconst foodRes = await request(app)\n  .post('/foods')\n  .set('Authorization', `Bearer ${token}`)\n  .send({ name: 'Apple', calories: 52, protein: 0.3, carbs: 14, fat: 0.2 });\nconst foodId = foodRes.body.id;\nconst res = await request(app)\n  .post('/meals')\n  .set('Authorization', `Bearer ${token}`)\n  .send({ foods: [foodId] });\nexpect(res.status).to.equal(201);\nexpect(res.body).to.have.property('totalCalories');\nexpect(res.body.totalCalories).to.equal(52);",
              "err": {},
              "uuid": "d525cb58-49b4-4b17-80d2-d2f6d76c9894",
              "parentUUID": "af44fcbe-7094-4c4f-9f69-f7a692366fc8",
              "isHook": false,
              "skipped": false
            }
          ],
          "suites": [],
          "passes": [
            "d525cb58-49b4-4b17-80d2-d2f6d76c9894"
          ],
          "failures": [],
          "pending": [],
          "skipped": [],
          "duration": 227,
          "root": false,
          "rootEmpty": false,
          "_timeout": 5000
        },
        {
          "uuid": "043d755f-2e0b-4411-970f-47e169adc139",
          "title": "Testes funcionais negativos / validação",
          "fullFile": "/Users/dennysmatos/Projects/julio-de-lima/mts20t1-ppp-nutrify-api/test/functional/negative.spec.js",
          "file": "/test/functional/negative.spec.js",
          "beforeHooks": [
            {
              "title": "\"before each\" hook in \"Testes funcionais negativos / validação\"",
              "fullTitle": "Testes funcionais negativos / validação \"before each\" hook in \"Testes funcionais negativos / validação\"",
              "timedOut": false,
              "duration": 2,
              "state": null,
              "speed": null,
              "pass": false,
              "fail": false,
              "pending": false,
              "context": null,
              "code": "reset()",
              "err": {},
              "uuid": "b8aab17b-3b0f-40f7-a2e6-75f194718a95",
              "parentUUID": "043d755f-2e0b-4411-970f-47e169adc139",
              "isHook": true,
              "skipped": false
            }
          ],
          "afterHooks": [],
          "tests": [],
          "suites": [
            {
              "uuid": "f0cec324-130a-4f82-83c8-6cec27c2e8f5",
              "title": "Validação de usuários e erros de autenticação",
              "fullFile": "/Users/dennysmatos/Projects/julio-de-lima/mts20t1-ppp-nutrify-api/test/functional/negative.spec.js",
              "file": "/test/functional/negative.spec.js",
              "beforeHooks": [],
              "afterHooks": [],
              "tests": [
                {
                  "title": "retorna 400 ao registrar sem senha",
                  "fullTitle": "Testes funcionais negativos / validação Validação de usuários e erros de autenticação retorna 400 ao registrar sem senha",
                  "timedOut": false,
                  "duration": 7,
                  "state": "passed",
                  "speed": "fast",
                  "pass": true,
                  "fail": false,
                  "pending": false,
                  "context": null,
                  "code": "const res = await request(app).post('/users/register').send({ name: 'NoPass', email: 'nopass@example.com' });\nexpect(res.status).to.equal(400);\nexpect(res.body).to.have.property('errors').that.is.an('array');",
                  "err": {},
                  "uuid": "6d5eb88e-4f0b-40c9-85e4-6340e6b8cae7",
                  "parentUUID": "f0cec324-130a-4f82-83c8-6cec27c2e8f5",
                  "isHook": false,
                  "skipped": false
                },
                {
                  "title": "retorna 400 ao registrar com nome vazio",
                  "fullTitle": "Testes funcionais negativos / validação Validação de usuários e erros de autenticação retorna 400 ao registrar com nome vazio",
                  "timedOut": false,
                  "duration": 4,
                  "state": "passed",
                  "speed": "fast",
                  "pass": true,
                  "fail": false,
                  "pending": false,
                  "context": null,
                  "code": "const res = await request(app).post('/users/register').send({ name: '', email: 'blank@example.com', password: '123456' });\nexpect(res.status).to.equal(400);\nexpect(res.body).to.have.property('errors');",
                  "err": {},
                  "uuid": "838e9a1c-66e9-450d-a4b4-8b784322933d",
                  "parentUUID": "f0cec324-130a-4f82-83c8-6cec27c2e8f5",
                  "isHook": false,
                  "skipped": false
                },
                {
                  "title": "retorna 401 ao autenticar com credenciais incorretas",
                  "fullTitle": "Testes funcionais negativos / validação Validação de usuários e erros de autenticação retorna 401 ao autenticar com credenciais incorretas",
                  "timedOut": false,
                  "duration": 183,
                  "state": "passed",
                  "speed": "slow",
                  "pass": true,
                  "fail": false,
                  "pending": false,
                  "context": null,
                  "code": "await request(app).post('/users/register').send({ name: 'Login', email: 'login@example.com', password: 'correct' });\nconst res = await request(app).post('/users/login').send({ email: 'login@example.com', password: 'wrong' });\nexpect(res.status).to.equal(401);\nexpect(res.body).to.have.property('error');",
                  "err": {},
                  "uuid": "399a5e9e-6fea-43a4-89eb-48861212b1b6",
                  "parentUUID": "f0cec324-130a-4f82-83c8-6cec27c2e8f5",
                  "isHook": false,
                  "skipped": false
                }
              ],
              "suites": [],
              "passes": [
                "6d5eb88e-4f0b-40c9-85e4-6340e6b8cae7",
                "838e9a1c-66e9-450d-a4b4-8b784322933d",
                "399a5e9e-6fea-43a4-89eb-48861212b1b6"
              ],
              "failures": [],
              "pending": [],
              "skipped": [],
              "duration": 194,
              "root": false,
              "rootEmpty": false,
              "_timeout": 5000
            },
            {
              "uuid": "19895e12-855f-47e9-8c68-66c6c4c3a7f0",
              "title": "Validação de alimentos e autenticação",
              "fullFile": "/Users/dennysmatos/Projects/julio-de-lima/mts20t1-ppp-nutrify-api/test/functional/negative.spec.js",
              "file": "/test/functional/negative.spec.js",
              "beforeHooks": [],
              "afterHooks": [],
              "tests": [
                {
                  "title": "retorna 401 ao criar alimento sem token",
                  "fullTitle": "Testes funcionais negativos / validação Validação de alimentos e autenticação retorna 401 ao criar alimento sem token",
                  "timedOut": false,
                  "duration": 3,
                  "state": "passed",
                  "speed": "fast",
                  "pass": true,
                  "fail": false,
                  "pending": false,
                  "context": null,
                  "code": "const res = await request(app).post('/foods').send({ name: 'NoAuth', calories: 10 });\nexpect(res.status).to.equal(401);\nexpect(res.body).to.have.property('error');",
                  "err": {},
                  "uuid": "e7d0a2c2-787d-46e6-85be-7866f4103022",
                  "parentUUID": "19895e12-855f-47e9-8c68-66c6c4c3a7f0",
                  "isHook": false,
                  "skipped": false
                },
                {
                  "title": "retorna 400 ao criar alimento sem nome",
                  "fullTitle": "Testes funcionais negativos / validação Validação de alimentos e autenticação retorna 400 ao criar alimento sem nome",
                  "timedOut": false,
                  "duration": 187,
                  "state": "passed",
                  "speed": "slow",
                  "pass": true,
                  "fail": false,
                  "pending": false,
                  "context": null,
                  "code": "await request(app).post('/users/register').send({ name: 'F', email: 'f2@example.com', password: '123456' });\nconst login = await request(app).post('/users/login').send({ email: 'f2@example.com', password: '123456' });\nconst token = login.body.token;\nconst res = await request(app).post('/foods').set('Authorization', `Bearer ${token}`).send({ calories: 10 });\nexpect(res.status).to.equal(400);\nexpect(res.body).to.have.property('errors');",
                  "err": {},
                  "uuid": "260146c3-44a2-41df-a5bc-31b4ce020da3",
                  "parentUUID": "19895e12-855f-47e9-8c68-66c6c4c3a7f0",
                  "isHook": false,
                  "skipped": false
                },
                {
                  "title": "retorna 400 quando calories tem tipo errado",
                  "fullTitle": "Testes funcionais negativos / validação Validação de alimentos e autenticação retorna 400 quando calories tem tipo errado",
                  "timedOut": false,
                  "duration": 196,
                  "state": "passed",
                  "speed": "slow",
                  "pass": true,
                  "fail": false,
                  "pending": false,
                  "context": null,
                  "code": "await request(app).post('/users/register').send({ name: 'F', email: 'f3@example.com', password: '123456' });\nconst login = await request(app).post('/users/login').send({ email: 'f3@example.com', password: '123456' });\nconst token = login.body.token;\nconst res = await request(app).post('/foods').set('Authorization', `Bearer ${token}`).send({ name: 'Apple', calories: 'not-a-number' });\nexpect(res.status).to.equal(400);\nexpect(res.body).to.have.property('errors');",
                  "err": {},
                  "uuid": "c1b3240f-6a85-4d8c-8745-a3c5c0cfb3b7",
                  "parentUUID": "19895e12-855f-47e9-8c68-66c6c4c3a7f0",
                  "isHook": false,
                  "skipped": false
                },
                {
                  "title": "retorna 403 quando usuário não-admin tenta atualizar alimento",
                  "fullTitle": "Testes funcionais negativos / validação Validação de alimentos e autenticação retorna 403 quando usuário não-admin tenta atualizar alimento",
                  "timedOut": false,
                  "duration": 378,
                  "state": "passed",
                  "speed": "slow",
                  "pass": true,
                  "fail": false,
                  "pending": false,
                  "context": null,
                  "code": "// first register admin (first user is admin)\nawait request(app).post('/users/register').send({ name: 'Admin', email: 'admin@example.com', password: '123456' });\n// create another normal user\nawait request(app).post('/users/register').send({ name: 'User', email: 'user@example.com', password: '123456' });\nconst login = await request(app).post('/users/login').send({ email: 'user@example.com', password: '123456' });\nconst token = login.body.token;\n// admin creates food\nconst adminLogin = await request(app).post('/users/login').send({ email: 'admin@example.com', password: '123456' });\nconst adminToken = adminLogin.body.token;\nconst created = await request(app).post('/foods').set('Authorization', `Bearer ${adminToken}`).send({ name: 'Milk', calories: 42 });\nconst id = created.body.id;\n// non-admin tries to update\nconst res = await request(app).put(`/foods/${id}`).set('Authorization', `Bearer ${token}`).send({ name: 'Milk', calories: 50 });\nexpect(res.status).to.equal(403);\nexpect(res.body).to.have.property('error');",
                  "err": {},
                  "uuid": "8620c957-d089-403f-b049-fbacc9a6c86b",
                  "parentUUID": "19895e12-855f-47e9-8c68-66c6c4c3a7f0",
                  "isHook": false,
                  "skipped": false
                }
              ],
              "suites": [],
              "passes": [
                "e7d0a2c2-787d-46e6-85be-7866f4103022",
                "260146c3-44a2-41df-a5bc-31b4ce020da3",
                "c1b3240f-6a85-4d8c-8745-a3c5c0cfb3b7",
                "8620c957-d089-403f-b049-fbacc9a6c86b"
              ],
              "failures": [],
              "pending": [],
              "skipped": [],
              "duration": 764,
              "root": false,
              "rootEmpty": false,
              "_timeout": 5000
            },
            {
              "uuid": "172004b3-7ef2-471b-ba3e-6fd4d130d4ae",
              "title": "Validação de refeições e erros de negócio",
              "fullFile": "/Users/dennysmatos/Projects/julio-de-lima/mts20t1-ppp-nutrify-api/test/functional/negative.spec.js",
              "file": "/test/functional/negative.spec.js",
              "beforeHooks": [],
              "afterHooks": [],
              "tests": [
                {
                  "title": "retorna 400 ao criar refeição sem lista de alimentos",
                  "fullTitle": "Testes funcionais negativos / validação Validação de refeições e erros de negócio retorna 400 ao criar refeição sem lista de alimentos",
                  "timedOut": false,
                  "duration": 191,
                  "state": "passed",
                  "speed": "slow",
                  "pass": true,
                  "fail": false,
                  "pending": false,
                  "context": null,
                  "code": "await request(app).post('/users/register').send({ name: 'M', email: 'm2@example.com', password: '123456' });\nconst login = await request(app).post('/users/login').send({ email: 'm2@example.com', password: '123456' });\nconst token = login.body.token;\n\n  const res = await request(app).post('/meals').set('Authorization', `Bearer ${token}`).send({ });\nexpect(res.status).to.equal(400);\nexpect(res.body).to.have.property('errors');",
                  "err": {},
                  "uuid": "faabbaa9-4b9e-4312-8068-c43c0b405cf2",
                  "parentUUID": "172004b3-7ef2-471b-ba3e-6fd4d130d4ae",
                  "isHook": false,
                  "skipped": false
                },
                {
                  "title": "retorna 400 quando foods não é um array",
                  "fullTitle": "Testes funcionais negativos / validação Validação de refeições e erros de negócio retorna 400 quando foods não é um array",
                  "timedOut": false,
                  "duration": 186,
                  "state": "passed",
                  "speed": "slow",
                  "pass": true,
                  "fail": false,
                  "pending": false,
                  "context": null,
                  "code": "await request(app).post('/users/register').send({ name: 'M', email: 'm3@example.com', password: '123456' });\nconst login = await request(app).post('/users/login').send({ email: 'm3@example.com', password: '123456' });\nconst token = login.body.token;\n\n  const res = await request(app).post('/meals').set('Authorization', `Bearer ${token}`).send({ foods: 'not-an-array' });\nexpect(res.status).to.equal(400);\nexpect(res.body).to.have.property('errors');",
                  "err": {},
                  "uuid": "0a433903-5487-49d8-beea-f3f10fb2fdbc",
                  "parentUUID": "172004b3-7ef2-471b-ba3e-6fd4d130d4ae",
                  "isHook": false,
                  "skipped": false
                },
                {
                  "title": "retorna 400 quando refeição referencia id de alimento inexistente",
                  "fullTitle": "Testes funcionais negativos / validação Validação de refeições e erros de negócio retorna 400 quando refeição referencia id de alimento inexistente",
                  "timedOut": false,
                  "duration": 181,
                  "state": "passed",
                  "speed": "slow",
                  "pass": true,
                  "fail": false,
                  "pending": false,
                  "context": null,
                  "code": "await request(app).post('/users/register').send({ name: 'M', email: 'm4@example.com', password: '123456' });\nconst login = await request(app).post('/users/login').send({ email: 'm4@example.com', password: '123456' });\nconst token = login.body.token;\n\n  const res = await request(app).post('/meals').set('Authorization', `Bearer ${token}`).send({ foods: ['non-existing-id'] });\nexpect(res.status).to.equal(400);\nexpect(res.body).to.have.property('error');",
                  "err": {},
                  "uuid": "be277e36-244c-47b8-a953-2ce061d3d76b",
                  "parentUUID": "172004b3-7ef2-471b-ba3e-6fd4d130d4ae",
                  "isHook": false,
                  "skipped": false
                }
              ],
              "suites": [],
              "passes": [
                "faabbaa9-4b9e-4312-8068-c43c0b405cf2",
                "0a433903-5487-49d8-beea-f3f10fb2fdbc",
                "be277e36-244c-47b8-a953-2ce061d3d76b"
              ],
              "failures": [],
              "pending": [],
              "skipped": [],
              "duration": 558,
              "root": false,
              "rootEmpty": false,
              "_timeout": 5000
            }
          ],
          "passes": [],
          "failures": [],
          "pending": [],
          "skipped": [],
          "duration": 0,
          "root": false,
          "rootEmpty": false,
          "_timeout": 5000
        },
        {
          "uuid": "afb2c92e-15f3-4678-997b-084fc2b3a929",
          "title": "Validação strict (funcional)",
          "fullFile": "/Users/dennysmatos/Projects/julio-de-lima/mts20t1-ppp-nutrify-api/test/functional/strict.spec.js",
          "file": "/test/functional/strict.spec.js",
          "beforeHooks": [
            {
              "title": "\"before each\" hook in \"Validação strict (funcional)\"",
              "fullTitle": "Validação strict (funcional) \"before each\" hook in \"Validação strict (funcional)\"",
              "timedOut": false,
              "duration": 3,
              "state": null,
              "speed": null,
              "pass": false,
              "fail": false,
              "pending": false,
              "context": null,
              "code": "reset()",
              "err": {},
              "uuid": "af8170ce-e391-4033-bf18-7622b7d20d63",
              "parentUUID": "afb2c92e-15f3-4678-997b-084fc2b3a929",
              "isHook": true,
              "skipped": false
            }
          ],
          "afterHooks": [],
          "tests": [
            {
              "title": "POST /users/register rejeita campos extras",
              "fullTitle": "Validação strict (funcional) POST /users/register rejeita campos extras",
              "timedOut": false,
              "duration": 2,
              "state": "passed",
              "speed": "fast",
              "pass": true,
              "fail": false,
              "pending": false,
              "context": null,
              "code": "const res = await request(app).post('/users/register').send({ name: 'X', email: 'x@example.com', password: '123456', extra: 'no' });\nexpect(res.status).to.equal(400);\nexpect(res.body).to.have.property('error');",
              "err": {},
              "uuid": "0c3b5901-3363-44bd-b1e6-4a1a75308b43",
              "parentUUID": "afb2c92e-15f3-4678-997b-084fc2b3a929",
              "isHook": false,
              "skipped": false
            },
            {
              "title": "POST /foods rejects extra fields",
              "fullTitle": "Validação strict (funcional) POST /foods rejects extra fields",
              "timedOut": false,
              "duration": 177,
              "state": "passed",
              "speed": "slow",
              "pass": true,
              "fail": false,
              "pending": false,
              "context": null,
              "code": "await request(app).post('/users/register').send({ name: 'F', email: 'f@example.com', password: '123456' });\nconst login = await request(app).post('/users/login').send({ email: 'f@example.com', password: '123456' });\nconst token = login.body.token;\nconst res = await request(app)\n  .post('/foods')\n  .set('Authorization', `Bearer ${token}`)\n  .send({ name: 'Banana', calories: 89, extra: 'no' });\nexpect(res.status).to.equal(400);\nexpect(res.body).to.have.property('error');",
              "err": {},
              "uuid": "8b5d325d-16ac-4e9b-9aec-961976d3add3",
              "parentUUID": "afb2c92e-15f3-4678-997b-084fc2b3a929",
              "isHook": false,
              "skipped": false
            }
          ],
          "suites": [],
          "passes": [
            "0c3b5901-3363-44bd-b1e6-4a1a75308b43",
            "8b5d325d-16ac-4e9b-9aec-961976d3add3"
          ],
          "failures": [],
          "pending": [],
          "skipped": [],
          "duration": 179,
          "root": false,
          "rootEmpty": false,
          "_timeout": 5000
        },
        {
          "uuid": "c5337893-e2fd-4e78-85de-46f3cbe27c82",
          "title": "Validação strict em atualização (funcional)",
          "fullFile": "/Users/dennysmatos/Projects/julio-de-lima/mts20t1-ppp-nutrify-api/test/functional/strict_update.spec.js",
          "file": "/test/functional/strict_update.spec.js",
          "beforeHooks": [
            {
              "title": "\"before each\" hook in \"Validação strict em atualização (funcional)\"",
              "fullTitle": "Validação strict em atualização (funcional) \"before each\" hook in \"Validação strict em atualização (funcional)\"",
              "timedOut": false,
              "duration": 1,
              "state": null,
              "speed": null,
              "pass": false,
              "fail": false,
              "pending": false,
              "context": null,
              "code": "reset()",
              "err": {},
              "uuid": "31115025-f82c-4486-ae53-88d851991ec4",
              "parentUUID": "c5337893-e2fd-4e78-85de-46f3cbe27c82",
              "isHook": true,
              "skipped": false
            }
          ],
          "afterHooks": [],
          "tests": [
            {
              "title": "PUT /foods/:id rejeita campos extras",
              "fullTitle": "Validação strict em atualização (funcional) PUT /foods/:id rejeita campos extras",
              "timedOut": false,
              "duration": 183,
              "state": "passed",
              "speed": "slow",
              "pass": true,
              "fail": false,
              "pending": false,
              "context": null,
              "code": "await request(app).post('/users/register').send({ name: 'U', email: 'u@example.com', password: '123456' });\nconst login = await request(app).post('/users/login').send({ email: 'u@example.com', password: '123456' });\nconst token = login.body.token;\nconst create = await request(app)\n  .post('/foods')\n  .set('Authorization', `Bearer ${token}`)\n  .send({ name: 'Orange', calories: 47 });\nconst id = create.body.id;\nconst res = await request(app)\n  .put(`/foods/${id}`)\n  .set('Authorization', `Bearer ${token}`)\n  .send({ name: 'Orange', calories: 50, extra: 'no' });\nexpect(res.status).to.equal(400);\nexpect(res.body).to.have.property('error');",
              "err": {},
              "uuid": "b7a04043-dc3f-48aa-b4ae-fdaeccb05760",
              "parentUUID": "c5337893-e2fd-4e78-85de-46f3cbe27c82",
              "isHook": false,
              "skipped": false
            },
            {
              "title": "PUT /meals/:id rejects extra fields",
              "fullTitle": "Validação strict em atualização (funcional) PUT /meals/:id rejects extra fields",
              "timedOut": false,
              "duration": 278,
              "state": "passed",
              "speed": "slow",
              "pass": true,
              "fail": false,
              "pending": false,
              "context": null,
              "code": "await request(app).post('/users/register').send({ name: 'V', email: 'v@example.com', password: '123456' });\nconst login = await request(app).post('/users/login').send({ email: 'v@example.com', password: '123456' });\nconst token = login.body.token;\nconst foodRes = await request(app)\n  .post('/foods')\n  .set('Authorization', `Bearer ${token}`)\n  .send({ name: 'Pear', calories: 57 });\nconst foodId = foodRes.body.id;\nconst mealRes = await request(app)\n  .post('/meals')\n  .set('Authorization', `Bearer ${token}`)\n  .send({ foods: [foodId] });\nconst mealId = mealRes.body.id;\nconst res = await request(app)\n  .put(`/meals/${mealId}`)\n  .set('Authorization', `Bearer ${token}`)\n  .send({ date: new Date().toISOString(), foods: [foodId], extra: 'no' });\nexpect(res.status).to.equal(400);\nexpect(res.body).to.have.property('error');",
              "err": {},
              "uuid": "3369dc4a-dfb8-45fb-8c80-b2b9b07f0036",
              "parentUUID": "c5337893-e2fd-4e78-85de-46f3cbe27c82",
              "isHook": false,
              "skipped": false
            }
          ],
          "suites": [],
          "passes": [
            "b7a04043-dc3f-48aa-b4ae-fdaeccb05760",
            "3369dc4a-dfb8-45fb-8c80-b2b9b07f0036"
          ],
          "failures": [],
          "pending": [],
          "skipped": [],
          "duration": 461,
          "root": false,
          "rootEmpty": false,
          "_timeout": 5000
        },
        {
          "uuid": "f8bff2a9-39b3-43ed-aa03-37e46cd373e2",
          "title": "Endpoints de Usuário (funcional)",
          "fullFile": "/Users/dennysmatos/Projects/julio-de-lima/mts20t1-ppp-nutrify-api/test/functional/user.spec.js",
          "file": "/test/functional/user.spec.js",
          "beforeHooks": [
            {
              "title": "\"before each\" hook in \"Endpoints de Usuário (funcional)\"",
              "fullTitle": "Endpoints de Usuário (funcional) \"before each\" hook in \"Endpoints de Usuário (funcional)\"",
              "timedOut": false,
              "duration": 1,
              "state": null,
              "speed": null,
              "pass": false,
              "fail": false,
              "pending": false,
              "context": null,
              "code": "reset()",
              "err": {},
              "uuid": "682321fb-d85a-4065-8c52-098a558fdf49",
              "parentUUID": "f8bff2a9-39b3-43ed-aa03-37e46cd373e2",
              "isHook": true,
              "skipped": false
            }
          ],
          "afterHooks": [],
          "tests": [
            {
              "title": "deve registrar e autenticar um usuário",
              "fullTitle": "Endpoints de Usuário (funcional) deve registrar e autenticar um usuário",
              "timedOut": false,
              "duration": 168,
              "state": "passed",
              "speed": "slow",
              "pass": true,
              "fail": false,
              "pending": false,
              "context": null,
              "code": "const res1 = await request(app).post('/users/register').send({ name: 'User', email: 'u@example.com', password: '123456' });\nexpect(res1.status).to.equal(201);\nexpect(res1.body).to.have.property('id');\nconst res2 = await request(app).post('/users/login').send({ email: 'u@example.com', password: '123456' });\nexpect(res2.status).to.equal(200);\nexpect(res2.body).to.have.property('token');",
              "err": {},
              "uuid": "a0f62f3c-1780-4323-ad49-1cc72cb9ed48",
              "parentUUID": "f8bff2a9-39b3-43ed-aa03-37e46cd373e2",
              "isHook": false,
              "skipped": false
            }
          ],
          "suites": [],
          "passes": [
            "a0f62f3c-1780-4323-ad49-1cc72cb9ed48"
          ],
          "failures": [],
          "pending": [],
          "skipped": [],
          "duration": 168,
          "root": false,
          "rootEmpty": false,
          "_timeout": 5000
        }
      ],
      "passes": [],
      "failures": [],
      "pending": [],
      "skipped": [],
      "duration": 0,
      "root": true,
      "rootEmpty": true,
      "_timeout": 5000
    }
  ],
  "meta": {
    "mocha": {
      "version": "10.8.2"
    },
    "mochawesome": {
      "options": {
        "quiet": true,
        "reportFilename": "mochawesome",
        "saveHtml": true,
        "saveJson": true,
        "consoleReporter": "spec",
        "useInlineDiffs": false,
        "code": true
      },
      "version": "7.1.3"
    },
    "marge": {
      "options": {
        "reportDir": "reports/mocha",
        "reportFilename": "mochawesome",
        "quiet": "true",
        "reportTitle": "mts20t1-ppp-nutrify - Relatório de Testes (pt-BR)",
        "reportPageTitle": "Relatório Mochawesome - pt-BR",
        "inlineAssets": "false",
        "timestamp": "false",
        "overwrite": "true"
      },
      "version": "6.2.0"
    }
  }
}