{
  "stats": {
    "suites": 10,
    "tests": 22,
    "passes": 22,
    "pending": 0,
    "failures": 0,
    "start": "2025-12-18T14:50:02.694Z",
    "end": "2025-12-18T14:50:05.661Z",
    "duration": 2967,
    "testsRegistered": 22,
    "passPercent": 100,
    "pendingPercent": 0,
    "other": 0,
    "hasOther": false,
    "skipped": 0,
    "hasSkipped": false
  },
  "results": [
    {
      "uuid": "57db1280-471c-4a62-a260-2b86869ede9d",
      "title": "",
      "fullFile": "",
      "file": "",
      "beforeHooks": [],
      "afterHooks": [],
      "tests": [],
      "suites": [
        {
          "uuid": "14d6f816-28d9-48df-bcd0-eed4772a3c3d",
          "title": "Casos funcionais negativos extras (pt-BR)",
          "fullFile": "/Users/dennysmatos/Projects/julio-de-lima/mts20t1-ppp-nutrify-api/test/functional/extra-negative.spec.js",
          "file": "/test/functional/extra-negative.spec.js",
          "beforeHooks": [
            {
              "title": "\"before each\" hook in \"Casos funcionais negativos extras (pt-BR)\"",
              "fullTitle": "Casos funcionais negativos extras (pt-BR) \"before each\" hook in \"Casos funcionais negativos extras (pt-BR)\"",
              "timedOut": false,
              "duration": 1,
              "state": null,
              "speed": null,
              "pass": false,
              "fail": false,
              "pending": false,
              "context": null,
              "code": "reset()",
              "err": {},
              "uuid": "d8e759dc-6b45-411f-ad63-8a751cc95643",
              "parentUUID": "14d6f816-28d9-48df-bcd0-eed4772a3c3d",
              "isHook": true,
              "skipped": false
            }
          ],
          "afterHooks": [],
          "tests": [
            {
              "title": "retorna 400 ao enviar nome como número no registro",
              "fullTitle": "Casos funcionais negativos extras (pt-BR) retorna 400 ao enviar nome como número no registro",
              "timedOut": false,
              "duration": 37,
              "state": "passed",
              "speed": "fast",
              "pass": true,
              "fail": false,
              "pending": false,
              "context": null,
              "code": "const res = await request(app)\n  .post('/users/register')\n  .send({ name: 123, email: 'a@b.com', password: '123456' });\nexpect(res.status).to.equal(400);",
              "err": {},
              "uuid": "8be62290-86ef-4ea9-89f7-28d724eebd52",
              "parentUUID": "14d6f816-28d9-48df-bcd0-eed4772a3c3d",
              "isHook": false,
              "skipped": false
            },
            {
              "title": "retorna 400 ao criar alimento com calories nulo",
              "fullTitle": "Casos funcionais negativos extras (pt-BR) retorna 400 ao criar alimento com calories nulo",
              "timedOut": false,
              "duration": 183,
              "state": "passed",
              "speed": "slow",
              "pass": true,
              "fail": false,
              "pending": false,
              "context": null,
              "code": "await request(app)\n  .post('/users/register')\n  .send({ name: 'A', email: 'a2@b.com', password: '123456' });\nconst login = await request(app)\n  .post('/users/login')\n  .send({ email: 'a2@b.com', password: '123456' });\nconst token = login.body.token;\nconst res = await request(app)\n  .post('/foods')\n  .set('Authorization', `Bearer ${token}`)\n  .send({ name: 'X', calories: null });\nexpect(res.status).to.equal(400);",
              "err": {},
              "uuid": "563dcc3e-4ee3-4865-8007-a8f341eb12aa",
              "parentUUID": "14d6f816-28d9-48df-bcd0-eed4772a3c3d",
              "isHook": false,
              "skipped": false
            },
            {
              "title": "retorna 400 ao criar refeição com array vazio de foods",
              "fullTitle": "Casos funcionais negativos extras (pt-BR) retorna 400 ao criar refeição com array vazio de foods",
              "timedOut": false,
              "duration": 173,
              "state": "passed",
              "speed": "slow",
              "pass": true,
              "fail": false,
              "pending": false,
              "context": null,
              "code": "await request(app)\n  .post('/users/register')\n  .send({ name: 'B', email: 'b@b.com', password: '123456' });\nconst login = await request(app)\n  .post('/users/login')\n  .send({ email: 'b@b.com', password: '123456' });\nconst token = login.body.token;\nconst res = await request(app)\n  .post('/meals')\n  .set('Authorization', `Bearer ${token}`)\n  .send({ foods: [] });\nexpect(res.status).to.equal(400);",
              "err": {},
              "uuid": "b6fb26ac-ef85-471c-a32b-ee881d354600",
              "parentUUID": "14d6f816-28d9-48df-bcd0-eed4772a3c3d",
              "isHook": false,
              "skipped": false
            },
            {
              "title": "retorna 401 ao acessar rota protegida com token inválido",
              "fullTitle": "Casos funcionais negativos extras (pt-BR) retorna 401 ao acessar rota protegida com token inválido",
              "timedOut": false,
              "duration": 5,
              "state": "passed",
              "speed": "fast",
              "pass": true,
              "fail": false,
              "pending": false,
              "context": null,
              "code": "const res = await request(app)\n  .post('/foods')\n  .set('Authorization', 'Bearer invalid.token')\n  .send({ name: 'Z', calories: 10 });\nexpect(res.status).to.equal(401);",
              "err": {},
              "uuid": "b822d2c3-2faf-4f48-a0f6-49670b5687c3",
              "parentUUID": "14d6f816-28d9-48df-bcd0-eed4772a3c3d",
              "isHook": false,
              "skipped": false
            },
            {
              "title": "retorna 400 ao atualizar alimento com campo extra inesperado",
              "fullTitle": "Casos funcionais negativos extras (pt-BR) retorna 400 ao atualizar alimento com campo extra inesperado",
              "timedOut": false,
              "duration": 177,
              "state": "passed",
              "speed": "slow",
              "pass": true,
              "fail": false,
              "pending": false,
              "context": null,
              "code": "await request(app)\n  .post('/users/register')\n  .send({ name: 'C', email: 'c@c.com', password: '123456' });\nconst login = await request(app)\n  .post('/users/login')\n  .send({ email: 'c@c.com', password: '123456' });\nconst token = login.body.token;\nconst f = await request(app)\n  .post('/foods')\n  .set('Authorization', `Bearer ${token}`)\n  .send({ name: 'Y', calories: 20 });\nconst id = f.body.id;\nconst res = await request(app)\n  .put(`/foods/${id}`)\n  .set('Authorization', `Bearer ${token}`)\n  .send({ name: 'Y', calories: 22, unexpected: true });\nexpect(res.status).to.equal(400);",
              "err": {},
              "uuid": "015cc3ef-ec7b-4b65-b4ee-b9144c93c337",
              "parentUUID": "14d6f816-28d9-48df-bcd0-eed4772a3c3d",
              "isHook": false,
              "skipped": false
            }
          ],
          "suites": [],
          "passes": [
            "8be62290-86ef-4ea9-89f7-28d724eebd52",
            "563dcc3e-4ee3-4865-8007-a8f341eb12aa",
            "b6fb26ac-ef85-471c-a32b-ee881d354600",
            "b822d2c3-2faf-4f48-a0f6-49670b5687c3",
            "015cc3ef-ec7b-4b65-b4ee-b9144c93c337"
          ],
          "failures": [],
          "pending": [],
          "skipped": [],
          "duration": 575,
          "root": false,
          "rootEmpty": false,
          "_timeout": 5000
        },
        {
          "uuid": "4a5af15e-1b2d-4dd1-b262-703458122286",
          "title": "Endpoints de Alimentos (funcional)",
          "fullFile": "/Users/dennysmatos/Projects/julio-de-lima/mts20t1-ppp-nutrify-api/test/functional/food.spec.js",
          "file": "/test/functional/food.spec.js",
          "beforeHooks": [
            {
              "title": "\"before each\" hook in \"Endpoints de Alimentos (funcional)\"",
              "fullTitle": "Endpoints de Alimentos (funcional) \"before each\" hook in \"Endpoints de Alimentos (funcional)\"",
              "timedOut": false,
              "duration": 1,
              "state": null,
              "speed": null,
              "pass": false,
              "fail": false,
              "pending": false,
              "context": null,
              "code": "reset()",
              "err": {},
              "uuid": "6f1a1efd-f9de-49a2-8457-55dedb56ba66",
              "parentUUID": "4a5af15e-1b2d-4dd1-b262-703458122286",
              "isHook": true,
              "skipped": false
            }
          ],
          "afterHooks": [],
          "tests": [
            {
              "title": "deve criar um alimento",
              "fullTitle": "Endpoints de Alimentos (funcional) deve criar um alimento",
              "timedOut": false,
              "duration": 170,
              "state": "passed",
              "speed": "slow",
              "pass": true,
              "fail": false,
              "pending": false,
              "context": null,
              "code": "await request(app)\n  .post('/users/register')\n  .send({ name: 'Food', email: 'f@example.com', password: '123456' });\nconst login = await request(app)\n  .post('/users/login')\n  .send({ email: 'f@example.com', password: '123456' });\nconst token = login.body.token;\nconst res = await request(app)\n  .post('/foods')\n  .set('Authorization', `Bearer ${token}`)\n  .send({ name: 'Banana', category: 'Fruta', calories: 89 });\nexpect(res.status).to.equal(201);\nexpect(res.body).to.have.property('id');\nexpect(res.body).to.have.property('createdAt');\nexpect(res.body).to.have.property('updatedAt');",
              "err": {},
              "uuid": "8991e54d-ae05-4279-9476-5d092cb5936f",
              "parentUUID": "4a5af15e-1b2d-4dd1-b262-703458122286",
              "isHook": false,
              "skipped": false
            }
          ],
          "suites": [],
          "passes": [
            "8991e54d-ae05-4279-9476-5d092cb5936f"
          ],
          "failures": [],
          "pending": [],
          "skipped": [],
          "duration": 170,
          "root": false,
          "rootEmpty": false,
          "_timeout": 5000
        },
        {
          "uuid": "3c87d2f5-8d9b-4541-99be-e9baa7704e49",
          "title": "Endpoints de Refeição (funcional)",
          "fullFile": "/Users/dennysmatos/Projects/julio-de-lima/mts20t1-ppp-nutrify-api/test/functional/meal.spec.js",
          "file": "/test/functional/meal.spec.js",
          "beforeHooks": [
            {
              "title": "\"before each\" hook in \"Endpoints de Refeição (funcional)\"",
              "fullTitle": "Endpoints de Refeição (funcional) \"before each\" hook in \"Endpoints de Refeição (funcional)\"",
              "timedOut": false,
              "duration": 1,
              "state": null,
              "speed": null,
              "pass": false,
              "fail": false,
              "pending": false,
              "context": null,
              "code": "reset()",
              "err": {},
              "uuid": "6cc6939f-3e15-40ac-9029-b0ff053aab05",
              "parentUUID": "3c87d2f5-8d9b-4541-99be-e9baa7704e49",
              "isHook": true,
              "skipped": false
            }
          ],
          "afterHooks": [],
          "tests": [
            {
              "title": "deve criar uma refeição e computar totais",
              "fullTitle": "Endpoints de Refeição (funcional) deve criar uma refeição e computar totais",
              "timedOut": false,
              "duration": 176,
              "state": "passed",
              "speed": "slow",
              "pass": true,
              "fail": false,
              "pending": false,
              "context": null,
              "code": "await request(app)\n  .post('/users/register')\n  .send({ name: 'M', email: 'm@example.com', password: '123456' });\nconst login = await request(app)\n  .post('/users/login')\n  .send({ email: 'm@example.com', password: '123456' });\nconst token = login.body.token;\nconst foodRes = await request(app)\n  .post('/foods')\n  .set('Authorization', `Bearer ${token}`)\n  .send({ name: 'Apple', calories: 52, protein: 0.3, carbs: 14, fat: 0.2 });\nconst foodId = foodRes.body.id;\nconst res = await request(app)\n  .post('/meals')\n  .set('Authorization', `Bearer ${token}`)\n  .send({ foods: [foodId] });\nexpect(res.status).to.equal(201);\nexpect(res.body).to.have.property('totalCalories');\nexpect(res.body.totalCalories).to.equal(52);",
              "err": {},
              "uuid": "1d70c5df-88db-44d3-9781-306bcbfc3f68",
              "parentUUID": "3c87d2f5-8d9b-4541-99be-e9baa7704e49",
              "isHook": false,
              "skipped": false
            }
          ],
          "suites": [],
          "passes": [
            "1d70c5df-88db-44d3-9781-306bcbfc3f68"
          ],
          "failures": [],
          "pending": [],
          "skipped": [],
          "duration": 176,
          "root": false,
          "rootEmpty": false,
          "_timeout": 5000
        },
        {
          "uuid": "a3c64219-5052-40ee-ab7e-3075dc7de5ff",
          "title": "Testes funcionais negativos / validação",
          "fullFile": "/Users/dennysmatos/Projects/julio-de-lima/mts20t1-ppp-nutrify-api/test/functional/negative.spec.js",
          "file": "/test/functional/negative.spec.js",
          "beforeHooks": [
            {
              "title": "\"before each\" hook in \"Testes funcionais negativos / validação\"",
              "fullTitle": "Testes funcionais negativos / validação \"before each\" hook in \"Testes funcionais negativos / validação\"",
              "timedOut": false,
              "duration": 2,
              "state": null,
              "speed": null,
              "pass": false,
              "fail": false,
              "pending": false,
              "context": null,
              "code": "reset()",
              "err": {},
              "uuid": "8aab4765-9fbf-4f3b-80cd-e4173b2cf06c",
              "parentUUID": "a3c64219-5052-40ee-ab7e-3075dc7de5ff",
              "isHook": true,
              "skipped": false
            }
          ],
          "afterHooks": [],
          "tests": [],
          "suites": [
            {
              "uuid": "d87784c6-8cbd-4d5e-889e-df65d8e4d5a9",
              "title": "Validação de usuários e erros de autenticação",
              "fullFile": "/Users/dennysmatos/Projects/julio-de-lima/mts20t1-ppp-nutrify-api/test/functional/negative.spec.js",
              "file": "/test/functional/negative.spec.js",
              "beforeHooks": [],
              "afterHooks": [],
              "tests": [
                {
                  "title": "retorna 400 ao registrar sem senha",
                  "fullTitle": "Testes funcionais negativos / validação Validação de usuários e erros de autenticação retorna 400 ao registrar sem senha",
                  "timedOut": false,
                  "duration": 4,
                  "state": "passed",
                  "speed": "fast",
                  "pass": true,
                  "fail": false,
                  "pending": false,
                  "context": null,
                  "code": "const res = await request(app)\n  .post('/users/register')\n  .send({ name: 'NoPass', email: 'nopass@example.com' });\nexpect(res.status).to.equal(400);\nexpect(res.body).to.have.property('errors').that.is.an('array');",
                  "err": {},
                  "uuid": "8af01c46-7430-4d11-a49b-edb51ab281f4",
                  "parentUUID": "d87784c6-8cbd-4d5e-889e-df65d8e4d5a9",
                  "isHook": false,
                  "skipped": false
                },
                {
                  "title": "retorna 400 ao registrar com nome vazio",
                  "fullTitle": "Testes funcionais negativos / validação Validação de usuários e erros de autenticação retorna 400 ao registrar com nome vazio",
                  "timedOut": false,
                  "duration": 3,
                  "state": "passed",
                  "speed": "fast",
                  "pass": true,
                  "fail": false,
                  "pending": false,
                  "context": null,
                  "code": "const res = await request(app)\n  .post('/users/register')\n  .send({ name: '', email: 'blank@example.com', password: '123456' });\nexpect(res.status).to.equal(400);\nexpect(res.body).to.have.property('errors');",
                  "err": {},
                  "uuid": "c18d656b-e167-4d50-8d71-54b05a34395d",
                  "parentUUID": "d87784c6-8cbd-4d5e-889e-df65d8e4d5a9",
                  "isHook": false,
                  "skipped": false
                },
                {
                  "title": "retorna 401 ao autenticar com credenciais incorretas",
                  "fullTitle": "Testes funcionais negativos / validação Validação de usuários e erros de autenticação retorna 401 ao autenticar com credenciais incorretas",
                  "timedOut": false,
                  "duration": 160,
                  "state": "passed",
                  "speed": "slow",
                  "pass": true,
                  "fail": false,
                  "pending": false,
                  "context": null,
                  "code": "await request(app).post('/users/register').send({\n  name: 'Login',\n  email: 'login@example.com',\n  password: 'correct',\n});\nconst res = await request(app)\n  .post('/users/login')\n  .send({ email: 'login@example.com', password: 'wrong' });\nexpect(res.status).to.equal(401);\nexpect(res.body).to.have.property('error');",
                  "err": {},
                  "uuid": "4b1796d2-dc1e-4572-b0d7-88461a6af2be",
                  "parentUUID": "d87784c6-8cbd-4d5e-889e-df65d8e4d5a9",
                  "isHook": false,
                  "skipped": false
                }
              ],
              "suites": [],
              "passes": [
                "8af01c46-7430-4d11-a49b-edb51ab281f4",
                "c18d656b-e167-4d50-8d71-54b05a34395d",
                "4b1796d2-dc1e-4572-b0d7-88461a6af2be"
              ],
              "failures": [],
              "pending": [],
              "skipped": [],
              "duration": 167,
              "root": false,
              "rootEmpty": false,
              "_timeout": 5000
            },
            {
              "uuid": "9aebd22c-2135-494e-9d2d-b4d4cebba963",
              "title": "Validação de alimentos e autenticação",
              "fullFile": "/Users/dennysmatos/Projects/julio-de-lima/mts20t1-ppp-nutrify-api/test/functional/negative.spec.js",
              "file": "/test/functional/negative.spec.js",
              "beforeHooks": [],
              "afterHooks": [],
              "tests": [
                {
                  "title": "retorna 401 ao criar alimento sem token",
                  "fullTitle": "Testes funcionais negativos / validação Validação de alimentos e autenticação retorna 401 ao criar alimento sem token",
                  "timedOut": false,
                  "duration": 2,
                  "state": "passed",
                  "speed": "fast",
                  "pass": true,
                  "fail": false,
                  "pending": false,
                  "context": null,
                  "code": "const res = await request(app)\n  .post('/foods')\n  .send({ name: 'NoAuth', calories: 10 });\nexpect(res.status).to.equal(401);\nexpect(res.body).to.have.property('error');",
                  "err": {},
                  "uuid": "1cc8f85f-5c16-41a1-a86f-4eef14ea5575",
                  "parentUUID": "9aebd22c-2135-494e-9d2d-b4d4cebba963",
                  "isHook": false,
                  "skipped": false
                },
                {
                  "title": "retorna 400 ao criar alimento sem nome",
                  "fullTitle": "Testes funcionais negativos / validação Validação de alimentos e autenticação retorna 400 ao criar alimento sem nome",
                  "timedOut": false,
                  "duration": 165,
                  "state": "passed",
                  "speed": "slow",
                  "pass": true,
                  "fail": false,
                  "pending": false,
                  "context": null,
                  "code": "await request(app)\n  .post('/users/register')\n  .send({ name: 'F', email: 'f2@example.com', password: '123456' });\nconst login = await request(app)\n  .post('/users/login')\n  .send({ email: 'f2@example.com', password: '123456' });\nconst token = login.body.token;\nconst res = await request(app)\n  .post('/foods')\n  .set('Authorization', `Bearer ${token}`)\n  .send({ calories: 10 });\nexpect(res.status).to.equal(400);\nexpect(res.body).to.have.property('errors');",
                  "err": {},
                  "uuid": "68aaeab1-1c24-4309-b6dc-48d3f762f429",
                  "parentUUID": "9aebd22c-2135-494e-9d2d-b4d4cebba963",
                  "isHook": false,
                  "skipped": false
                },
                {
                  "title": "retorna 400 quando calories tem tipo errado",
                  "fullTitle": "Testes funcionais negativos / validação Validação de alimentos e autenticação retorna 400 quando calories tem tipo errado",
                  "timedOut": false,
                  "duration": 166,
                  "state": "passed",
                  "speed": "slow",
                  "pass": true,
                  "fail": false,
                  "pending": false,
                  "context": null,
                  "code": "await request(app)\n  .post('/users/register')\n  .send({ name: 'F', email: 'f3@example.com', password: '123456' });\nconst login = await request(app)\n  .post('/users/login')\n  .send({ email: 'f3@example.com', password: '123456' });\nconst token = login.body.token;\nconst res = await request(app)\n  .post('/foods')\n  .set('Authorization', `Bearer ${token}`)\n  .send({ name: 'Apple', calories: 'not-a-number' });\nexpect(res.status).to.equal(400);\nexpect(res.body).to.have.property('errors');",
                  "err": {},
                  "uuid": "2cc7de25-253c-4bab-8102-d389d1b6ce0d",
                  "parentUUID": "9aebd22c-2135-494e-9d2d-b4d4cebba963",
                  "isHook": false,
                  "skipped": false
                },
                {
                  "title": "retorna 403 quando usuário não-admin tenta atualizar alimento",
                  "fullTitle": "Testes funcionais negativos / validação Validação de alimentos e autenticação retorna 403 quando usuário não-admin tenta atualizar alimento",
                  "timedOut": false,
                  "duration": 333,
                  "state": "passed",
                  "speed": "slow",
                  "pass": true,
                  "fail": false,
                  "pending": false,
                  "context": null,
                  "code": "// first register admin (first user is admin)\nawait request(app).post('/users/register').send({\n  name: 'Admin',\n  email: 'admin@example.com',\n  password: '123456',\n});\n// create another normal user\nawait request(app)\n  .post('/users/register')\n  .send({ name: 'User', email: 'user@example.com', password: '123456' });\nconst login = await request(app)\n  .post('/users/login')\n  .send({ email: 'user@example.com', password: '123456' });\nconst token = login.body.token;\n// admin creates food\nconst adminLogin = await request(app)\n  .post('/users/login')\n  .send({ email: 'admin@example.com', password: '123456' });\nconst adminToken = adminLogin.body.token;\nconst created = await request(app)\n  .post('/foods')\n  .set('Authorization', `Bearer ${adminToken}`)\n  .send({ name: 'Milk', calories: 42 });\nconst id = created.body.id;\n// non-admin tries to update\nconst res = await request(app)\n  .put(`/foods/${id}`)\n  .set('Authorization', `Bearer ${token}`)\n  .send({ name: 'Milk', calories: 50 });\nexpect(res.status).to.equal(403);\nexpect(res.body).to.have.property('error');",
                  "err": {},
                  "uuid": "54e9ffda-37e8-4934-a296-97312daa9555",
                  "parentUUID": "9aebd22c-2135-494e-9d2d-b4d4cebba963",
                  "isHook": false,
                  "skipped": false
                }
              ],
              "suites": [],
              "passes": [
                "1cc8f85f-5c16-41a1-a86f-4eef14ea5575",
                "68aaeab1-1c24-4309-b6dc-48d3f762f429",
                "2cc7de25-253c-4bab-8102-d389d1b6ce0d",
                "54e9ffda-37e8-4934-a296-97312daa9555"
              ],
              "failures": [],
              "pending": [],
              "skipped": [],
              "duration": 666,
              "root": false,
              "rootEmpty": false,
              "_timeout": 5000
            },
            {
              "uuid": "d54dd0c9-905c-472e-ad72-684e52cacbe3",
              "title": "Validação de refeições e erros de negócio",
              "fullFile": "/Users/dennysmatos/Projects/julio-de-lima/mts20t1-ppp-nutrify-api/test/functional/negative.spec.js",
              "file": "/test/functional/negative.spec.js",
              "beforeHooks": [],
              "afterHooks": [],
              "tests": [
                {
                  "title": "retorna 400 ao criar refeição sem lista de alimentos",
                  "fullTitle": "Testes funcionais negativos / validação Validação de refeições e erros de negócio retorna 400 ao criar refeição sem lista de alimentos",
                  "timedOut": false,
                  "duration": 167,
                  "state": "passed",
                  "speed": "slow",
                  "pass": true,
                  "fail": false,
                  "pending": false,
                  "context": null,
                  "code": "await request(app)\n  .post('/users/register')\n  .send({ name: 'M', email: 'm2@example.com', password: '123456' });\nconst login = await request(app)\n  .post('/users/login')\n  .send({ email: 'm2@example.com', password: '123456' });\nconst token = login.body.token;\nconst res = await request(app)\n  .post('/meals')\n  .set('Authorization', `Bearer ${token}`)\n  .send({});\nexpect(res.status).to.equal(400);\nexpect(res.body).to.have.property('errors');",
                  "err": {},
                  "uuid": "56e55fff-64e5-4569-8167-83a100905143",
                  "parentUUID": "d54dd0c9-905c-472e-ad72-684e52cacbe3",
                  "isHook": false,
                  "skipped": false
                },
                {
                  "title": "retorna 400 quando foods não é um array",
                  "fullTitle": "Testes funcionais negativos / validação Validação de refeições e erros de negócio retorna 400 quando foods não é um array",
                  "timedOut": false,
                  "duration": 167,
                  "state": "passed",
                  "speed": "slow",
                  "pass": true,
                  "fail": false,
                  "pending": false,
                  "context": null,
                  "code": "await request(app)\n  .post('/users/register')\n  .send({ name: 'M', email: 'm3@example.com', password: '123456' });\nconst login = await request(app)\n  .post('/users/login')\n  .send({ email: 'm3@example.com', password: '123456' });\nconst token = login.body.token;\nconst res = await request(app)\n  .post('/meals')\n  .set('Authorization', `Bearer ${token}`)\n  .send({ foods: 'not-an-array' });\nexpect(res.status).to.equal(400);\nexpect(res.body).to.have.property('errors');",
                  "err": {},
                  "uuid": "b74371b5-00d9-45a3-b4ac-fb995500426b",
                  "parentUUID": "d54dd0c9-905c-472e-ad72-684e52cacbe3",
                  "isHook": false,
                  "skipped": false
                },
                {
                  "title": "retorna 400 quando refeição referencia id de alimento inexistente",
                  "fullTitle": "Testes funcionais negativos / validação Validação de refeições e erros de negócio retorna 400 quando refeição referencia id de alimento inexistente",
                  "timedOut": false,
                  "duration": 163,
                  "state": "passed",
                  "speed": "slow",
                  "pass": true,
                  "fail": false,
                  "pending": false,
                  "context": null,
                  "code": "await request(app)\n  .post('/users/register')\n  .send({ name: 'M', email: 'm4@example.com', password: '123456' });\nconst login = await request(app)\n  .post('/users/login')\n  .send({ email: 'm4@example.com', password: '123456' });\nconst token = login.body.token;\nconst res = await request(app)\n  .post('/meals')\n  .set('Authorization', `Bearer ${token}`)\n  .send({ foods: ['non-existing-id'] });\nexpect(res.status).to.equal(400);\nexpect(res.body).to.have.property('error');",
                  "err": {},
                  "uuid": "c1da0864-cc1f-4db3-8430-2f4191ba7445",
                  "parentUUID": "d54dd0c9-905c-472e-ad72-684e52cacbe3",
                  "isHook": false,
                  "skipped": false
                }
              ],
              "suites": [],
              "passes": [
                "56e55fff-64e5-4569-8167-83a100905143",
                "b74371b5-00d9-45a3-b4ac-fb995500426b",
                "c1da0864-cc1f-4db3-8430-2f4191ba7445"
              ],
              "failures": [],
              "pending": [],
              "skipped": [],
              "duration": 497,
              "root": false,
              "rootEmpty": false,
              "_timeout": 5000
            }
          ],
          "passes": [],
          "failures": [],
          "pending": [],
          "skipped": [],
          "duration": 0,
          "root": false,
          "rootEmpty": false,
          "_timeout": 5000
        },
        {
          "uuid": "b78c56d0-f960-4a05-b593-7ec8a432573b",
          "title": "Validação strict (funcional)",
          "fullFile": "/Users/dennysmatos/Projects/julio-de-lima/mts20t1-ppp-nutrify-api/test/functional/strict.spec.js",
          "file": "/test/functional/strict.spec.js",
          "beforeHooks": [
            {
              "title": "\"before each\" hook in \"Validação strict (funcional)\"",
              "fullTitle": "Validação strict (funcional) \"before each\" hook in \"Validação strict (funcional)\"",
              "timedOut": false,
              "duration": 1,
              "state": null,
              "speed": null,
              "pass": false,
              "fail": false,
              "pending": false,
              "context": null,
              "code": "reset()",
              "err": {},
              "uuid": "e868a24c-e4e6-4888-838d-ecb0e24699e6",
              "parentUUID": "b78c56d0-f960-4a05-b593-7ec8a432573b",
              "isHook": true,
              "skipped": false
            }
          ],
          "afterHooks": [],
          "tests": [
            {
              "title": "POST /users/register rejeita campos extras",
              "fullTitle": "Validação strict (funcional) POST /users/register rejeita campos extras",
              "timedOut": false,
              "duration": 2,
              "state": "passed",
              "speed": "fast",
              "pass": true,
              "fail": false,
              "pending": false,
              "context": null,
              "code": "const res = await request(app).post('/users/register').send({\n  name: 'X',\n  email: 'x@example.com',\n  password: '123456',\n  extra: 'no',\n});\nexpect(res.status).to.equal(400);\nexpect(res.body).to.have.property('error');",
              "err": {},
              "uuid": "0cdcd952-08b0-44e5-adb1-b3da3b635864",
              "parentUUID": "b78c56d0-f960-4a05-b593-7ec8a432573b",
              "isHook": false,
              "skipped": false
            },
            {
              "title": "POST /foods rejects extra fields",
              "fullTitle": "Validação strict (funcional) POST /foods rejects extra fields",
              "timedOut": false,
              "duration": 165,
              "state": "passed",
              "speed": "slow",
              "pass": true,
              "fail": false,
              "pending": false,
              "context": null,
              "code": "await request(app)\n  .post('/users/register')\n  .send({ name: 'F', email: 'f@example.com', password: '123456' });\nconst login = await request(app)\n  .post('/users/login')\n  .send({ email: 'f@example.com', password: '123456' });\nconst token = login.body.token;\nconst res = await request(app)\n  .post('/foods')\n  .set('Authorization', `Bearer ${token}`)\n  .send({ name: 'Banana', calories: 89, extra: 'no' });\nexpect(res.status).to.equal(400);\nexpect(res.body).to.have.property('error');",
              "err": {},
              "uuid": "3c485b78-6585-4a9e-bf24-fc1449420c8f",
              "parentUUID": "b78c56d0-f960-4a05-b593-7ec8a432573b",
              "isHook": false,
              "skipped": false
            }
          ],
          "suites": [],
          "passes": [
            "0cdcd952-08b0-44e5-adb1-b3da3b635864",
            "3c485b78-6585-4a9e-bf24-fc1449420c8f"
          ],
          "failures": [],
          "pending": [],
          "skipped": [],
          "duration": 167,
          "root": false,
          "rootEmpty": false,
          "_timeout": 5000
        },
        {
          "uuid": "cd520c5e-f540-423b-8172-0528ae9c6809",
          "title": "Validação strict em atualização (funcional)",
          "fullFile": "/Users/dennysmatos/Projects/julio-de-lima/mts20t1-ppp-nutrify-api/test/functional/strict_update.spec.js",
          "file": "/test/functional/strict_update.spec.js",
          "beforeHooks": [
            {
              "title": "\"before each\" hook in \"Validação strict em atualização (funcional)\"",
              "fullTitle": "Validação strict em atualização (funcional) \"before each\" hook in \"Validação strict em atualização (funcional)\"",
              "timedOut": false,
              "duration": 2,
              "state": null,
              "speed": null,
              "pass": false,
              "fail": false,
              "pending": false,
              "context": null,
              "code": "reset()",
              "err": {},
              "uuid": "f072accd-8a3b-41c0-beb5-dc9d37417409",
              "parentUUID": "cd520c5e-f540-423b-8172-0528ae9c6809",
              "isHook": true,
              "skipped": false
            }
          ],
          "afterHooks": [],
          "tests": [
            {
              "title": "PUT /foods/:id rejeita campos extras",
              "fullTitle": "Validação strict em atualização (funcional) PUT /foods/:id rejeita campos extras",
              "timedOut": false,
              "duration": 168,
              "state": "passed",
              "speed": "slow",
              "pass": true,
              "fail": false,
              "pending": false,
              "context": null,
              "code": "await request(app)\n  .post('/users/register')\n  .send({ name: 'U', email: 'u@example.com', password: '123456' });\nconst login = await request(app)\n  .post('/users/login')\n  .send({ email: 'u@example.com', password: '123456' });\nconst token = login.body.token;\nconst create = await request(app)\n  .post('/foods')\n  .set('Authorization', `Bearer ${token}`)\n  .send({ name: 'Orange', calories: 47 });\nconst id = create.body.id;\nconst res = await request(app)\n  .put(`/foods/${id}`)\n  .set('Authorization', `Bearer ${token}`)\n  .send({ name: 'Orange', calories: 50, extra: 'no' });\nexpect(res.status).to.equal(400);\nexpect(res.body).to.have.property('error');",
              "err": {},
              "uuid": "42be4921-3089-48a3-a6c7-9e0c36a4a0f1",
              "parentUUID": "cd520c5e-f540-423b-8172-0528ae9c6809",
              "isHook": false,
              "skipped": false
            },
            {
              "title": "PUT /meals/:id rejects extra fields",
              "fullTitle": "Validação strict em atualização (funcional) PUT /meals/:id rejects extra fields",
              "timedOut": false,
              "duration": 170,
              "state": "passed",
              "speed": "slow",
              "pass": true,
              "fail": false,
              "pending": false,
              "context": null,
              "code": "await request(app)\n  .post('/users/register')\n  .send({ name: 'V', email: 'v@example.com', password: '123456' });\nconst login = await request(app)\n  .post('/users/login')\n  .send({ email: 'v@example.com', password: '123456' });\nconst token = login.body.token;\nconst foodRes = await request(app)\n  .post('/foods')\n  .set('Authorization', `Bearer ${token}`)\n  .send({ name: 'Pear', calories: 57 });\nconst foodId = foodRes.body.id;\nconst mealRes = await request(app)\n  .post('/meals')\n  .set('Authorization', `Bearer ${token}`)\n  .send({ foods: [foodId] });\nconst mealId = mealRes.body.id;\nconst res = await request(app)\n  .put(`/meals/${mealId}`)\n  .set('Authorization', `Bearer ${token}`)\n  .send({ date: new Date().toISOString(), foods: [foodId], extra: 'no' });\nexpect(res.status).to.equal(400);\nexpect(res.body).to.have.property('error');",
              "err": {},
              "uuid": "0c6bb588-bbf1-4637-ae83-b895cd3b71b7",
              "parentUUID": "cd520c5e-f540-423b-8172-0528ae9c6809",
              "isHook": false,
              "skipped": false
            }
          ],
          "suites": [],
          "passes": [
            "42be4921-3089-48a3-a6c7-9e0c36a4a0f1",
            "0c6bb588-bbf1-4637-ae83-b895cd3b71b7"
          ],
          "failures": [],
          "pending": [],
          "skipped": [],
          "duration": 338,
          "root": false,
          "rootEmpty": false,
          "_timeout": 5000
        },
        {
          "uuid": "49881f36-9fc4-4620-a011-3d2d61cb1b9c",
          "title": "Endpoints de Usuário (funcional)",
          "fullFile": "/Users/dennysmatos/Projects/julio-de-lima/mts20t1-ppp-nutrify-api/test/functional/user.spec.js",
          "file": "/test/functional/user.spec.js",
          "beforeHooks": [
            {
              "title": "\"before each\" hook in \"Endpoints de Usuário (funcional)\"",
              "fullTitle": "Endpoints de Usuário (funcional) \"before each\" hook in \"Endpoints de Usuário (funcional)\"",
              "timedOut": false,
              "duration": 2,
              "state": null,
              "speed": null,
              "pass": false,
              "fail": false,
              "pending": false,
              "context": null,
              "code": "reset()",
              "err": {},
              "uuid": "80483e02-9bb2-4e37-9298-2120ad5cc4d0",
              "parentUUID": "49881f36-9fc4-4620-a011-3d2d61cb1b9c",
              "isHook": true,
              "skipped": false
            }
          ],
          "afterHooks": [],
          "tests": [
            {
              "title": "deve registrar e autenticar um usuário",
              "fullTitle": "Endpoints de Usuário (funcional) deve registrar e autenticar um usuário",
              "timedOut": false,
              "duration": 163,
              "state": "passed",
              "speed": "slow",
              "pass": true,
              "fail": false,
              "pending": false,
              "context": null,
              "code": "const res1 = await request(app)\n  .post('/users/register')\n  .send({ name: 'User', email: 'u@example.com', password: '123456' });\nexpect(res1.status).to.equal(201);\nexpect(res1.body).to.have.property('id');\nconst res2 = await request(app)\n  .post('/users/login')\n  .send({ email: 'u@example.com', password: '123456' });\nexpect(res2.status).to.equal(200);\nexpect(res2.body).to.have.property('token');",
              "err": {},
              "uuid": "ddb9b44f-226a-48c3-bbdb-bee1ff716a1a",
              "parentUUID": "49881f36-9fc4-4620-a011-3d2d61cb1b9c",
              "isHook": false,
              "skipped": false
            }
          ],
          "suites": [],
          "passes": [
            "ddb9b44f-226a-48c3-bbdb-bee1ff716a1a"
          ],
          "failures": [],
          "pending": [],
          "skipped": [],
          "duration": 163,
          "root": false,
          "rootEmpty": false,
          "_timeout": 5000
        }
      ],
      "passes": [],
      "failures": [],
      "pending": [],
      "skipped": [],
      "duration": 0,
      "root": true,
      "rootEmpty": true,
      "_timeout": 5000
    }
  ],
  "meta": {
    "mocha": {
      "version": "10.8.2"
    },
    "mochawesome": {
      "options": {
        "quiet": true,
        "reportFilename": "mochawesome",
        "saveHtml": true,
        "saveJson": true,
        "consoleReporter": "spec",
        "useInlineDiffs": false,
        "code": true
      },
      "version": "7.1.3"
    },
    "marge": {
      "options": {
        "reportDir": "reports/mocha",
        "reportFilename": "mochawesome",
        "quiet": "true",
        "reportTitle": "mts20t1-ppp-nutrify - Relatório de Testes (pt-BR)",
        "reportPageTitle": "Relatório Mochawesome - pt-BR",
        "inlineAssets": "false",
        "timestamp": "false",
        "overwrite": "true"
      },
      "version": "6.2.0"
    }
  }
}